<?xml version="1.0" encoding="UTF-8"?>
<!-- Generated by org.testng.reporters.JUnitXMLReporter -->
<testsuite ignored="4" hostname="DESKTOP-OU8JFJA" failures="3" tests="3" name="Test" time="5.277" errors="0" timestamp="20 Aug 2019 06:07:48 GMT">
  <testcase classname="guru99.bank.POM.test.CreateNewCustomerTest" name="createNewCustomer" time="4.844">
    <failure type="org.openqa.selenium.UnhandledAlertException" message="unexpected alert open: {Alert text : Email Address Already Exist !!}
  (Session info: chrome=76.0.3809.100): Email Address Already Exist !!
Build info: version: &amp;apos;3.13.0&amp;apos;, revision: &amp;apos;2f0d292&amp;apos;, time: &amp;apos;2018-06-25T15:24:21.231Z&amp;apos;
System info: host: &amp;apos;DESKTOP-OU8JFJA&amp;apos;, ip: &amp;apos;192.168.1.6&amp;apos;, os.name: &amp;apos;Windows 10&amp;apos;, os.arch: &amp;apos;amd64&amp;apos;, os.version: &amp;apos;10.0&amp;apos;, java.version: &amp;apos;9.0.4&amp;apos;
Driver info: org.openqa.selenium.chrome.ChromeDriver
Capabilities {acceptInsecureCerts: false, browserName: chrome, browserVersion: 76.0.3809.100, chrome: {chromedriverVersion: 76.0.3809.68 (420c9498db8ce..., userDataDir: C:\Users\User\AppData\Local...}, goog:chromeOptions: {debuggerAddress: localhost:51906}, javascriptEnabled: true, networkConnectionEnabled: false, pageLoadStrategy: normal, platform: XP, platformName: XP, proxy: Proxy(), setWindowRect: true, strictFileInteractability: false, timeouts: {implicit: 0, pageLoad: 300000, script: 30000}, unhandledPromptBehavior: dismiss and notify}
Session ID: bbcf5eff5c48131311ef25d138f39c68
*** Element info: {Using=css selector, value=#customer &amp;gt; tbody}">
      <![CDATA[org.openqa.selenium.UnhandledAlertException: unexpected alert open: {Alert text : Email Address Already Exist !!}
  (Session info: chrome=76.0.3809.100): Email Address Already Exist !!
Build info: version: '3.13.0', revision: '2f0d292', time: '2018-06-25T15:24:21.231Z'
System info: host: 'DESKTOP-OU8JFJA', ip: '192.168.1.6', os.name: 'Windows 10', os.arch: 'amd64', os.version: '10.0', java.version: '9.0.4'
Driver info: org.openqa.selenium.chrome.ChromeDriver
Capabilities {acceptInsecureCerts: false, browserName: chrome, browserVersion: 76.0.3809.100, chrome: {chromedriverVersion: 76.0.3809.68 (420c9498db8ce..., userDataDir: C:\Users\User\AppData\Local...}, goog:chromeOptions: {debuggerAddress: localhost:51906}, javascriptEnabled: true, networkConnectionEnabled: false, pageLoadStrategy: normal, platform: XP, platformName: XP, proxy: Proxy(), setWindowRect: true, strictFileInteractability: false, timeouts: {implicit: 0, pageLoad: 300000, script: 30000}, unhandledPromptBehavior: dismiss and notify}
Session ID: bbcf5eff5c48131311ef25d138f39c68
*** Element info: {Using=css selector, value=#customer > tbody}
at org.openqa.selenium.remote.http.W3CHttpResponseCodec.decode(W3CHttpResponseCodec.java:120)
at org.openqa.selenium.remote.http.W3CHttpResponseCodec.decode(W3CHttpResponseCodec.java:49)
at org.openqa.selenium.remote.HttpCommandExecutor.execute(HttpCommandExecutor.java:158)
at org.openqa.selenium.remote.service.DriverCommandExecutor.execute(DriverCommandExecutor.java:83)
at org.openqa.selenium.remote.RemoteWebDriver.execute(RemoteWebDriver.java:548)
at org.openqa.selenium.remote.RemoteWebDriver.findElement(RemoteWebDriver.java:322)
at org.openqa.selenium.remote.RemoteWebDriver.findElementByCssSelector(RemoteWebDriver.java:416)
at org.openqa.selenium.By$ByCssSelector.findElement(By.java:431)
at org.openqa.selenium.remote.RemoteWebDriver.findElement(RemoteWebDriver.java:314)
at org.openqa.selenium.support.pagefactory.DefaultElementLocator.findElement(DefaultElementLocator.java:69)
at org.openqa.selenium.support.pagefactory.internal.LocatingElementHandler.invoke(LocatingElementHandler.java:38)
at com.sun.proxy.$Proxy13.findElement(Unknown Source)
at guru99.bank.POM.pages.CustomerRegSuccessfullyPage.getData(CustomerRegSuccessfullyPage.java:17)
at guru99.bank.POM.pages.CustomerRegSuccessfullyPage.getSuccessfulMessage(CustomerRegSuccessfullyPage.java:23)
at guru99.bank.POM.test.CreateNewCustomerTest.createNewCustomer(CreateNewCustomerTest.java:29)
... Removed 25 stack frames]]>
    </failure>
  </testcase> <!-- createNewCustomer -->
  <testcase classname="guru99.bank.POM.test.CreateNewAccountTest" name="createNewAccount" time="0.006">
    <failure type="java.lang.NullPointerException">
      <![CDATA[java.lang.NullPointerException
at org.openqa.selenium.support.pagefactory.DefaultElementLocator.findElement(DefaultElementLocator.java:69)
at org.openqa.selenium.support.pagefactory.internal.LocatingElementHandler.invoke(LocatingElementHandler.java:38)
at com.sun.proxy.$Proxy13.click(Unknown Source)
at guru99.bank.POM.pages.NavigationPage.navigateTo(NavigationPage.java:33)
at guru99.bank.POM.test.CreateNewAccountTest.createNewAccount(CreateNewAccountTest.java:18)
... Removed 25 stack frames]]>
    </failure>
  </testcase> <!-- createNewAccount -->
  <testcase classname="guru99.bank.POM.test.DepositTest" name="depositToAccount" time="0.004">
    <failure type="java.lang.NullPointerException">
      <![CDATA[java.lang.NullPointerException
at org.openqa.selenium.support.pagefactory.DefaultElementLocator.findElement(DefaultElementLocator.java:69)
at org.openqa.selenium.support.pagefactory.internal.LocatingElementHandler.invoke(LocatingElementHandler.java:38)
at com.sun.proxy.$Proxy13.click(Unknown Source)
at guru99.bank.POM.pages.NavigationPage.navigateTo(NavigationPage.java:35)
at guru99.bank.POM.test.DepositTest.depositToAccount(DepositTest.java:18)
... Removed 25 stack frames]]>
    </failure>
  </testcase> <!-- depositToAccount -->
  <testcase classname="guru99.bank.POM.util.TestBase" name="@BeforeSuite beforeTest" time="0.0">
    <ignored/>
  </testcase> <!-- @BeforeSuite beforeTest -->
  <testcase classname="guru99.bank.POM.util.TestBase" name="@BeforeSuite beforeTest" time="0.0">
    <ignored/>
  </testcase> <!-- @BeforeSuite beforeTest -->
  <testcase classname="guru99.bank.POM.util.TestBase" name="@AfterSuite afterTest" time="0.0">
    <ignored/>
  </testcase> <!-- @AfterSuite afterTest -->
  <testcase classname="guru99.bank.POM.util.TestBase" name="@AfterSuite afterTest" time="0.0">
    <ignored/>
  </testcase> <!-- @AfterSuite afterTest -->
</testsuite> <!-- Test -->
